# JRE version: OpenJDK Runtime Environment (21.0.1+12) (build 21.0.1+12-29)
# Java VM: OpenJDK 64-Bit Server VM (21.0.1+12-29, mixed mode, sharing, tiered, compressed oops, compressed class ptrs, g1 gc, windows-amd64)
GC Precious Log:
 CardTable entry size: 512
 Card Set container configuration: InlinePtr #cards 4 size 8 Array Of Cards #cards 16 size 48 Howl #buckets 8 coarsen threshold 3686 Howl Bitmap #cards 512 size 80 coarsen threshold 460 Card regions per heap region 1 cards per card region 4096
 CPUs: 4 total, 4 available
 Memory: 7834M
 Large Page Support: Disabled
 NUMA Support: Disabled
 Compressed Oops: Enabled (Zero based)
 Heap Region Size: 2M
 Heap Min Capacity: 128M
 Heap Initial Capacity: 128M
 Heap Max Capacity: 4G
 Pre-touch: Disabled
 Parallel Workers: 4
 Concurrent Workers: 1
 Concurrent Refinement Workers: 4
 Periodic GC: Disabled
Heap:
 garbage-first heap   total 673792K, used 414720K [0x0000000700000000, 0x0000000800000000)
  region size 2048K, 11 young (22528K), 11 survivors (22528K)
 Metaspace       used 48740K, committed 49344K, reserved 1114112K
  class space    used 6084K, committed 6336K, reserved 1048576K
GC Heap History (20 events):
Event: 57.132 GC heap after
{Heap after GC invocations=26 (full 0):
 garbage-first heap   total 444416K, used 201719K [0x0000000700000000, 0x0000000800000000)
  region size 2048K, 9 young (18432K), 9 survivors (18432K)
 Metaspace       used 48271K, committed 48768K, reserved 1114112K
  class space    used 6051K, committed 6272K, reserved 1048576K
}
Event: 57.390 GC heap before
{Heap before GC invocations=26 (full 0):
 garbage-first heap   total 444416K, used 343031K [0x0000000700000000, 0x0000000800000000)
  region size 2048K, 80 young (163840K), 9 survivors (18432K)
 Metaspace       used 48288K, committed 48832K, reserved 1114112K
  class space    used 6053K, committed 6272K, reserved 1048576K
}
Event: 57.412 GC heap after
{Heap after GC invocations=27 (full 0):
 garbage-first heap   total 444416K, used 214637K [0x0000000700000000, 0x0000000800000000)
  region size 2048K, 7 young (14336K), 7 survivors (14336K)
 Metaspace       used 48288K, committed 48832K, reserved 1114112K
  class space    used 6053K, committed 6272K, reserved 1048576K
}
Event: 57.721 GC heap before
{Heap before GC invocations=27 (full 0):
 garbage-first heap   total 444416K, used 374381K [0x0000000700000000, 0x0000000800000000)
  region size 2048K, 86 young (176128K), 7 survivors (14336K)
 Metaspace       used 48297K, committed 48832K, reserved 1114112K
  class space    used 6055K, committed 6272K, reserved 1048576K
}
Event: 57.750 GC heap after
{Heap after GC invocations=28 (full 0):
 garbage-first heap   total 444416K, used 233472K [0x0000000700000000, 0x0000000800000000)
  region size 2048K, 8 young (16384K), 8 survivors (16384K)
 Metaspace       used 48297K, committed 48832K, reserved 1114112K
  class space    used 6055K, committed 6272K, reserved 1048576K
}
Event: 58.432 GC heap before
{Heap before GC invocations=29 (full 0):
 garbage-first heap   total 444416K, used 382976K [0x0000000700000000, 0x0000000800000000)
  region size 2048K, 82 young (167936K), 8 survivors (16384K)
 Metaspace       used 48301K, committed 48832K, reserved 1114112K
  class space    used 6055K, committed 6272K, reserved 1048576K
}
Event: 58.453 GC heap after
{Heap after GC invocations=30 (full 0):
 garbage-first heap   total 444416K, used 247730K [0x0000000700000000, 0x0000000800000000)
  region size 2048K, 7 young (14336K), 7 survivors (14336K)
 Metaspace       used 48301K, committed 48832K, reserved 1114112K
  class space    used 6055K, committed 6272K, reserved 1048576K
}
Event: 58.663 GC heap before
{Heap before GC invocations=30 (full 0):
 garbage-first heap   total 444416K, used 391090K [0x0000000700000000, 0x0000000800000000)
  region size 2048K, 78 young (159744K), 7 survivors (14336K)
 Metaspace       used 48301K, committed 48832K, reserved 1114112K
  class space    used 6055K, committed 6272K, reserved 1048576K
}
Event: 58.711 GC heap after
{Heap after GC invocations=31 (full 0):
 garbage-first heap   total 669696K, used 256341K [0x0000000700000000, 0x0000000800000000)
  region size 2048K, 7 young (14336K), 7 survivors (14336K)
 Metaspace       used 48301K, committed 48832K, reserved 1114112K
  class space    used 6055K, committed 6272K, reserved 1048576K
}
Event: 61.337 GC heap before
{Heap before GC invocations=31 (full 0):
 garbage-first heap   total 669696K, used 569685K [0x0000000700000000, 0x0000000800000000)
  region size 2048K, 159 young (325632K), 7 survivors (14336K)
 Metaspace       used 48306K, committed 48832K, reserved 1114112K
  class space    used 6055K, committed 6272K, reserved 1048576K
}
Event: 61.369 GC heap after
{Heap after GC invocations=32 (full 0):
 garbage-first heap   total 669696K, used 286403K [0x0000000700000000, 0x0000000800000000)
  region size 2048K, 19 young (38912K), 19 survivors (38912K)
 Metaspace       used 48306K, committed 48832K, reserved 1114112K
  class space    used 6055K, committed 6272K, reserved 1048576K
}
Event: 62.018 GC heap before
{Heap before GC invocations=32 (full 0):
 garbage-first heap   total 669696K, used 577219K [0x0000000700000000, 0x0000000800000000)
  region size 2048K, 161 young (329728K), 19 survivors (38912K)
 Metaspace       used 48306K, committed 48832K, reserved 1114112K
  class space    used 6055K, committed 6272K, reserved 1048576K
}
Event: 62.058 GC heap after
{Heap after GC invocations=33 (full 0):
 garbage-first heap   total 669696K, used 311296K [0x0000000700000000, 0x0000000800000000)
  region size 2048K, 13 young (26624K), 13 survivors (26624K)
 Metaspace       used 48306K, committed 48832K, reserved 1114112K
  class space    used 6055K, committed 6272K, reserved 1048576K
}
Event: 63.036 GC heap before
{Heap before GC invocations=33 (full 0):
 garbage-first heap   total 669696K, used 589824K [0x0000000700000000, 0x0000000800000000)
  region size 2048K, 149 young (305152K), 13 survivors (26624K)
 Metaspace       used 48390K, committed 48896K, reserved 1114112K
  class space    used 6061K, committed 6272K, reserved 1048576K
}
Event: 63.080 GC heap after
{Heap after GC invocations=34 (full 0):
 garbage-first heap   total 669696K, used 348160K [0x0000000700000000, 0x0000000800000000)
  region size 2048K, 18 young (36864K), 18 survivors (36864K)
 Metaspace       used 48390K, committed 48896K, reserved 1114112K
  class space    used 6061K, committed 6272K, reserved 1048576K
}
Event: 64.344 GC heap before
{Heap before GC invocations=35 (full 0):
 garbage-first heap   total 669696K, used 587776K [0x0000000700000000, 0x0000000800000000)
  region size 2048K, 138 young (282624K), 18 survivors (36864K)
 Metaspace       used 48730K, committed 49280K, reserved 1114112K
  class space    used 6084K, committed 6336K, reserved 1048576K
}
Event: 64.452 GC heap after
{Heap after GC invocations=36 (full 0):
 garbage-first heap   total 673792K, used 390144K [0x0000000700000000, 0x0000000800000000)
  region size 2048K, 18 young (36864K), 18 survivors (36864K)
 Metaspace       used 48730K, committed 49280K, reserved 1114112K
  class space    used 6084K, committed 6336K, reserved 1048576K
}
Event: 64.696 GC heap before
{Heap before GC invocations=36 (full 0):
 garbage-first heap   total 673792K, used 592896K [0x0000000700000000, 0x0000000800000000)
  region size 2048K, 119 young (243712K), 18 survivors (36864K)
 Metaspace       used 48740K, committed 49344K, reserved 1114112K
  class space    used 6084K, committed 6336K, reserved 1048576K
}
Event: 64.764 GC heap after
{Heap after GC invocations=37 (full 0):
 garbage-first heap   total 673792K, used 394240K [0x0000000700000000, 0x0000000800000000)
  region size 2048K, 10 young (20480K), 10 survivors (20480K)
 Metaspace       used 48740K, committed 49344K, reserved 1114112K
  class space    used 6084K, committed 6336K, reserved 1048576K
}
Event: 64.960 GC heap before
{Heap before GC invocations=37 (full 0):
 garbage-first heap   total 673792K, used 601088K [0x0000000700000000, 0x0000000800000000)
  region size 2048K, 112 young (229376K), 10 survivors (20480K)
 Metaspace       used 48740K, committed 49344K, reserved 1114112K
  class space    used 6084K, committed 6336K, reserved 1048576K
}

