# JRE version: OpenJDK Runtime Environment (21.0.1+12) (build 21.0.1+12-29)
# Java VM: OpenJDK 64-Bit Server VM (21.0.1+12-29, mixed mode, sharing, tiered, compressed oops, compressed class ptrs, g1 gc, windows-amd64)
GC Precious Log:
 CardTable entry size: 512
 Card Set container configuration: InlinePtr #cards 4 size 8 Array Of Cards #cards 16 size 48 Howl #buckets 8 coarsen threshold 3686 Howl Bitmap #cards 512 size 80 coarsen threshold 460 Card regions per heap region 1 cards per card region 4096
 CPUs: 4 total, 4 available
 Memory: 7834M
 Large Page Support: Disabled
 NUMA Support: Disabled
 Compressed Oops: Enabled (Zero based)
 Heap Region Size: 2M
 Heap Min Capacity: 128M
 Heap Initial Capacity: 128M
 Heap Max Capacity: 4G
 Pre-touch: Disabled
 Parallel Workers: 4
 Concurrent Workers: 1
 Concurrent Refinement Workers: 4
 Periodic GC: Disabled
Heap:
 garbage-first heap   total 235520K, used 134144K [0x0000000700000000, 0x0000000800000000)
  region size 2048K, 3 young (6144K), 3 survivors (6144K)
 Metaspace       used 12239K, committed 12480K, reserved 1114112K
  class space    used 1388K, committed 1536K, reserved 1048576K
GC Heap History (20 events):
Event: 0.751 GC heap after
{Heap after GC invocations=2 (full 0):
 garbage-first heap   total 131072K, used 22432K [0x0000000700000000, 0x0000000800000000)
  region size 2048K, 1 young (2048K), 1 survivors (2048K)
 Metaspace       used 479K, committed 640K, reserved 1114112K
  class space    used 27K, committed 128K, reserved 1048576K
}
Event: 1.129 GC heap before
{Heap before GC invocations=2 (full 0):
 garbage-first heap   total 131072K, used 69536K [0x0000000700000000, 0x0000000800000000)
  region size 2048K, 16 young (32768K), 1 survivors (2048K)
 Metaspace       used 527K, committed 704K, reserved 1114112K
  class space    used 32K, committed 128K, reserved 1048576K
}
Event: 1.151 GC heap after
{Heap after GC invocations=3 (full 0):
 garbage-first heap   total 131072K, used 50016K [0x0000000700000000, 0x0000000800000000)
  region size 2048K, 2 young (4096K), 2 survivors (4096K)
 Metaspace       used 527K, committed 704K, reserved 1114112K
  class space    used 32K, committed 128K, reserved 1048576K
}
Event: 1.667 GC heap before
{Heap before GC invocations=3 (full 0):
 garbage-first heap   total 131072K, used 66400K [0x0000000700000000, 0x0000000800000000)
  region size 2048K, 10 young (20480K), 2 survivors (4096K)
 Metaspace       used 1819K, committed 1984K, reserved 1114112K
  class space    used 166K, committed 256K, reserved 1048576K
}
Event: 1.679 GC heap after
{Heap after GC invocations=4 (full 0):
 garbage-first heap   total 131072K, used 60416K [0x0000000700000000, 0x0000000800000000)
  region size 2048K, 2 young (4096K), 2 survivors (4096K)
 Metaspace       used 1819K, committed 1984K, reserved 1114112K
  class space    used 166K, committed 256K, reserved 1048576K
}
Event: 1.738 GC heap before
{Heap before GC invocations=4 (full 0):
 garbage-first heap   total 131072K, used 70656K [0x0000000700000000, 0x0000000800000000)
  region size 2048K, 7 young (14336K), 2 survivors (4096K)
 Metaspace       used 1819K, committed 1984K, reserved 1114112K
  class space    used 166K, committed 256K, reserved 1048576K
}
Event: 1.750 GC heap after
{Heap after GC invocations=5 (full 0):
 garbage-first heap   total 131072K, used 67324K [0x0000000700000000, 0x0000000800000000)
  region size 2048K, 1 young (2048K), 1 survivors (2048K)
 Metaspace       used 1819K, committed 1984K, reserved 1114112K
  class space    used 166K, committed 256K, reserved 1048576K
}
Event: 2.239 GC heap before
{Heap before GC invocations=5 (full 0):
 garbage-first heap   total 131072K, used 83708K [0x0000000700000000, 0x0000000800000000)
  region size 2048K, 10 young (20480K), 1 survivors (2048K)
 Metaspace       used 2557K, committed 2752K, reserved 1114112K
  class space    used 233K, committed 320K, reserved 1048576K
}
Event: 2.258 GC heap after
{Heap after GC invocations=6 (full 0):
 garbage-first heap   total 235520K, used 80405K [0x0000000700000000, 0x0000000800000000)
  region size 2048K, 2 young (4096K), 2 survivors (4096K)
 Metaspace       used 2557K, committed 2752K, reserved 1114112K
  class space    used 233K, committed 320K, reserved 1048576K
}
Event: 2.568 GC heap before
{Heap before GC invocations=7 (full 0):
 garbage-first heap   total 204800K, used 88597K [0x0000000700000000, 0x0000000800000000)
  region size 2048K, 11 young (22528K), 2 survivors (4096K)
 Metaspace       used 2558K, committed 2752K, reserved 1114112K
  class space    used 235K, committed 320K, reserved 1048576K
}
Event: 2.576 GC heap after
{Heap after GC invocations=8 (full 0):
 garbage-first heap   total 204800K, used 68117K [0x0000000700000000, 0x0000000800000000)
  region size 2048K, 2 young (4096K), 2 survivors (4096K)
 Metaspace       used 2558K, committed 2752K, reserved 1114112K
  class space    used 235K, committed 320K, reserved 1048576K
}
Event: 3.006 GC heap before
{Heap before GC invocations=8 (full 0):
 garbage-first heap   total 204800K, used 145941K [0x0000000700000000, 0x0000000800000000)
  region size 2048K, 32 young (65536K), 2 survivors (4096K)
 Metaspace       used 2642K, committed 2816K, reserved 1114112K
  class space    used 244K, committed 320K, reserved 1048576K
}
Event: 3.035 GC heap after
{Heap after GC invocations=9 (full 0):
 garbage-first heap   total 204800K, used 105419K [0x0000000700000000, 0x0000000800000000)
  region size 2048K, 4 young (8192K), 4 survivors (8192K)
 Metaspace       used 2642K, committed 2816K, reserved 1114112K
  class space    used 244K, committed 320K, reserved 1048576K
}
Event: 5.364 GC heap before
{Heap before GC invocations=9 (full 0):
 garbage-first heap   total 204800K, used 146379K [0x0000000700000000, 0x0000000800000000)
  region size 2048K, 25 young (51200K), 4 survivors (8192K)
 Metaspace       used 11252K, committed 11392K, reserved 1114112K
  class space    used 1234K, committed 1280K, reserved 1048576K
}
Event: 5.393 GC heap after
{Heap after GC invocations=10 (full 0):
 garbage-first heap   total 204800K, used 104285K [0x0000000700000000, 0x0000000800000000)
  region size 2048K, 4 young (8192K), 4 survivors (8192K)
 Metaspace       used 11252K, committed 11392K, reserved 1114112K
  class space    used 1234K, committed 1280K, reserved 1048576K
}
Event: 5.831 GC heap before
{Heap before GC invocations=11 (full 0):
 garbage-first heap   total 204800K, used 173917K [0x0000000700000000, 0x0000000800000000)
  region size 2048K, 27 young (55296K), 4 survivors (8192K)
 Metaspace       used 11255K, committed 11392K, reserved 1114112K
  class space    used 1234K, committed 1280K, reserved 1048576K
}
Event: 5.846 GC heap after
{Heap after GC invocations=12 (full 0):
 garbage-first heap   total 204800K, used 126976K [0x0000000700000000, 0x0000000800000000)
  region size 2048K, 4 young (8192K), 4 survivors (8192K)
 Metaspace       used 11255K, committed 11392K, reserved 1114112K
  class space    used 1234K, committed 1280K, reserved 1048576K
}
Event: 5.952 GC heap before
{Heap before GC invocations=12 (full 0):
 garbage-first heap   total 204800K, used 161792K [0x0000000700000000, 0x0000000800000000)
  region size 2048K, 21 young (43008K), 4 survivors (8192K)
 Metaspace       used 11255K, committed 11392K, reserved 1114112K
  class space    used 1234K, committed 1280K, reserved 1048576K
}
Event: 5.975 GC heap after
{Heap after GC invocations=13 (full 0):
 garbage-first heap   total 204800K, used 132096K [0x0000000700000000, 0x0000000800000000)
  region size 2048K, 3 young (6144K), 3 survivors (6144K)
 Metaspace       used 11255K, committed 11392K, reserved 1114112K
  class space    used 1234K, committed 1280K, reserved 1048576K
}
Event: 6.583 GC heap before
{Heap before GC invocations=13 (full 0):
 garbage-first heap   total 204800K, used 175104K [0x0000000700000000, 0x0000000800000000)
  region size 2048K, 18 young (36864K), 3 survivors (6144K)
 Metaspace       used 12239K, committed 12480K, reserved 1114112K
  class space    used 1388K, committed 1536K, reserved 1048576K
}

