# JRE version: OpenJDK Runtime Environment (21.0.1+12) (build 21.0.1+12-29)
# Java VM: OpenJDK 64-Bit Server VM (21.0.1+12-29, mixed mode, sharing, tiered, compressed oops, compressed class ptrs, g1 gc, windows-amd64)
GC Precious Log:
 CardTable entry size: 512
 Card Set container configuration: InlinePtr #cards 4 size 8 Array Of Cards #cards 16 size 48 Howl #buckets 8 coarsen threshold 3686 Howl Bitmap #cards 512 size 80 coarsen threshold 460 Card regions per heap region 1 cards per card region 4096
 CPUs: 4 total, 4 available
 Memory: 7834M
 Large Page Support: Disabled
 NUMA Support: Disabled
 Compressed Oops: Enabled (Zero based)
 Heap Region Size: 2M
 Heap Min Capacity: 128M
 Heap Initial Capacity: 128M
 Heap Max Capacity: 4G
 Pre-touch: Disabled
 Parallel Workers: 4
 Concurrent Workers: 1
 Concurrent Refinement Workers: 4
 Periodic GC: Disabled
Heap:
 garbage-first heap   total 256000K, used 186267K [0x0000000700000000, 0x0000000800000000)
  region size 2048K, 3 young (6144K), 3 survivors (6144K)
 Metaspace       used 12212K, committed 12480K, reserved 1114112K
  class space    used 1387K, committed 1536K, reserved 1048576K
GC Heap History (20 events):
Event: 1.128 GC heap after
{Heap after GC invocations=4 (full 0):
 garbage-first heap   total 131072K, used 59392K [0x0000000700000000, 0x0000000800000000)
  region size 2048K, 2 young (4096K), 2 survivors (4096K)
 Metaspace       used 1820K, committed 1984K, reserved 1114112K
  class space    used 166K, committed 256K, reserved 1048576K
}
Event: 1.139 GC heap before
{Heap before GC invocations=4 (full 0):
 garbage-first heap   total 131072K, used 67584K [0x0000000700000000, 0x0000000800000000)
  region size 2048K, 6 young (12288K), 2 survivors (4096K)
 Metaspace       used 1820K, committed 1984K, reserved 1114112K
  class space    used 166K, committed 256K, reserved 1048576K
}
Event: 1.150 GC heap after
{Heap after GC invocations=5 (full 0):
 garbage-first heap   total 131072K, used 65429K [0x0000000700000000, 0x0000000800000000)
  region size 2048K, 1 young (2048K), 1 survivors (2048K)
 Metaspace       used 1820K, committed 1984K, reserved 1114112K
  class space    used 166K, committed 256K, reserved 1048576K
}
Event: 1.319 GC heap before
{Heap before GC invocations=5 (full 0):
 garbage-first heap   total 131072K, used 81813K [0x0000000700000000, 0x0000000800000000)
  region size 2048K, 10 young (20480K), 1 survivors (2048K)
 Metaspace       used 2558K, committed 2752K, reserved 1114112K
  class space    used 233K, committed 320K, reserved 1048576K
}
Event: 1.337 GC heap after
{Heap after GC invocations=6 (full 0):
 garbage-first heap   total 294912K, used 78313K [0x0000000700000000, 0x0000000800000000)
  region size 2048K, 2 young (4096K), 2 survivors (4096K)
 Metaspace       used 2558K, committed 2752K, reserved 1114112K
  class space    used 233K, committed 320K, reserved 1048576K
}
Event: 1.432 GC heap before
{Heap before GC invocations=7 (full 0):
 garbage-first heap   total 225280K, used 86505K [0x0000000700000000, 0x0000000800000000)
  region size 2048K, 13 young (26624K), 2 survivors (4096K)
 Metaspace       used 2563K, committed 2752K, reserved 1114112K
  class space    used 235K, committed 320K, reserved 1048576K
}
Event: 1.441 GC heap after
{Heap after GC invocations=8 (full 0):
 garbage-first heap   total 225280K, used 65805K [0x0000000700000000, 0x0000000800000000)
  region size 2048K, 2 young (4096K), 2 survivors (4096K)
 Metaspace       used 2563K, committed 2752K, reserved 1114112K
  class space    used 235K, committed 320K, reserved 1048576K
}
Event: 1.659 GC heap before
{Heap before GC invocations=8 (full 0):
 garbage-first heap   total 225280K, used 153869K [0x0000000700000000, 0x0000000800000000)
  region size 2048K, 37 young (75776K), 2 survivors (4096K)
 Metaspace       used 2642K, committed 2816K, reserved 1114112K
  class space    used 244K, committed 320K, reserved 1048576K
}
Event: 1.687 GC heap after
{Heap after GC invocations=9 (full 0):
 garbage-first heap   total 225280K, used 109033K [0x0000000700000000, 0x0000000800000000)
  region size 2048K, 5 young (10240K), 5 survivors (10240K)
 Metaspace       used 2642K, committed 2816K, reserved 1114112K
  class space    used 244K, committed 320K, reserved 1048576K
}
Event: 4.288 GC heap before
{Heap before GC invocations=9 (full 0):
 garbage-first heap   total 225280K, used 156137K [0x0000000700000000, 0x0000000800000000)
  region size 2048K, 22 young (45056K), 5 survivors (10240K)
 Metaspace       used 11223K, committed 11392K, reserved 1114112K
  class space    used 1233K, committed 1280K, reserved 1048576K
}
Event: 4.298 GC heap after
{Heap after GC invocations=10 (full 0):
 garbage-first heap   total 225280K, used 105472K [0x0000000700000000, 0x0000000800000000)
  region size 2048K, 3 young (6144K), 3 survivors (6144K)
 Metaspace       used 11223K, committed 11392K, reserved 1114112K
  class space    used 1233K, committed 1280K, reserved 1048576K
}
Event: 4.409 GC heap before
{Heap before GC invocations=10 (full 0):
 garbage-first heap   total 225280K, used 144384K [0x0000000700000000, 0x0000000800000000)
  region size 2048K, 23 young (47104K), 3 survivors (6144K)
 Metaspace       used 11227K, committed 11392K, reserved 1114112K
  class space    used 1233K, committed 1280K, reserved 1048576K
}
Event: 4.425 GC heap after
{Heap after GC invocations=11 (full 0):
 garbage-first heap   total 225280K, used 126976K [0x0000000700000000, 0x0000000800000000)
  region size 2048K, 4 young (8192K), 4 survivors (8192K)
 Metaspace       used 11227K, committed 11392K, reserved 1114112K
  class space    used 1233K, committed 1280K, reserved 1048576K
}
Event: 4.505 GC heap before
{Heap before GC invocations=11 (full 0):
 garbage-first heap   total 225280K, used 184320K [0x0000000700000000, 0x0000000800000000)
  region size 2048K, 23 young (47104K), 4 survivors (8192K)
 Metaspace       used 11228K, committed 11392K, reserved 1114112K
  class space    used 1233K, committed 1280K, reserved 1048576K
}
Event: 4.520 GC heap after
{Heap after GC invocations=12 (full 0):
 garbage-first heap   total 225280K, used 156426K [0x0000000700000000, 0x0000000800000000)
  region size 2048K, 3 young (6144K), 3 survivors (6144K)
 Metaspace       used 11228K, committed 11392K, reserved 1114112K
  class space    used 1233K, committed 1280K, reserved 1048576K
}
Event: 8.349 GC heap before
{Heap before GC invocations=13 (full 0):
 garbage-first heap   total 256000K, used 189194K [0x0000000700000000, 0x0000000800000000)
  region size 2048K, 17 young (34816K), 3 survivors (6144K)
 Metaspace       used 12212K, committed 12480K, reserved 1114112K
  class space    used 1387K, committed 1536K, reserved 1048576K
}
Event: 8.358 GC heap after
{Heap after GC invocations=14 (full 0):
 garbage-first heap   total 256000K, used 159246K [0x0000000700000000, 0x0000000800000000)
  region size 2048K, 3 young (6144K), 3 survivors (6144K)
 Metaspace       used 12212K, committed 12480K, reserved 1114112K
  class space    used 1387K, committed 1536K, reserved 1048576K
}
Event: 8.474 GC heap before
{Heap before GC invocations=14 (full 0):
 garbage-first heap   total 256000K, used 220686K [0x0000000700000000, 0x0000000800000000)
  region size 2048K, 24 young (49152K), 3 survivors (6144K)
 Metaspace       used 12212K, committed 12480K, reserved 1114112K
  class space    used 1387K, committed 1536K, reserved 1048576K
}
Event: 8.493 GC heap after
{Heap after GC invocations=15 (full 0):
 garbage-first heap   total 256000K, used 169984K [0x0000000700000000, 0x0000000800000000)
  region size 2048K, 3 young (6144K), 3 survivors (6144K)
 Metaspace       used 12212K, committed 12480K, reserved 1114112K
  class space    used 1387K, committed 1536K, reserved 1048576K
}
Event: 8.521 GC heap before
{Heap before GC invocations=15 (full 0):
 garbage-first heap   total 256000K, used 208896K [0x0000000700000000, 0x0000000800000000)
  region size 2048K, 22 young (45056K), 3 survivors (6144K)
 Metaspace       used 12212K, committed 12480K, reserved 1114112K
  class space    used 1387K, committed 1536K, reserved 1048576K
}

