# JRE version: OpenJDK Runtime Environment (21.0.1+12) (build 21.0.1+12-29)
# Java VM: OpenJDK 64-Bit Server VM (21.0.1+12-29, mixed mode, sharing, tiered, compressed oops, compressed class ptrs, g1 gc, windows-amd64)
GC Precious Log:
 CardTable entry size: 512
 Card Set container configuration: InlinePtr #cards 4 size 8 Array Of Cards #cards 16 size 48 Howl #buckets 8 coarsen threshold 3686 Howl Bitmap #cards 512 size 80 coarsen threshold 460 Card regions per heap region 1 cards per card region 4096
 CPUs: 4 total, 4 available
 Memory: 7834M
 Large Page Support: Disabled
 NUMA Support: Disabled
 Compressed Oops: Enabled (Zero based)
 Heap Region Size: 2M
 Heap Min Capacity: 128M
 Heap Initial Capacity: 128M
 Heap Max Capacity: 4G
 Pre-touch: Disabled
 Parallel Workers: 4
 Concurrent Workers: 1
 Concurrent Refinement Workers: 4
 Periodic GC: Disabled
Heap:
 garbage-first heap   total 290816K, used 157233K [0x0000000700000000, 0x0000000800000000)
  region size 2048K, 19 young (38912K), 2 survivors (4096K)
 Metaspace       used 11240K, committed 11392K, reserved 1114112K
  class space    used 1234K, committed 1280K, reserved 1048576K
GC Heap History (20 events):
Event: 0.658 GC heap before
{Heap before GC invocations=1 (full 0):
 garbage-first heap   total 131072K, used 29600K [0x0000000700000000, 0x0000000800000000)
  region size 2048K, 7 young (14336K), 1 survivors (2048K)
 Metaspace       used 482K, committed 640K, reserved 1114112K
  class space    used 27K, committed 128K, reserved 1048576K
}
Event: 0.666 GC heap after
{Heap after GC invocations=2 (full 0):
 garbage-first heap   total 131072K, used 22350K [0x0000000700000000, 0x0000000800000000)
  region size 2048K, 1 young (2048K), 1 survivors (2048K)
 Metaspace       used 482K, committed 640K, reserved 1114112K
  class space    used 27K, committed 128K, reserved 1048576K
}
Event: 1.105 GC heap before
{Heap before GC invocations=2 (full 0):
 garbage-first heap   total 131072K, used 69454K [0x0000000700000000, 0x0000000800000000)
  region size 2048K, 16 young (32768K), 1 survivors (2048K)
 Metaspace       used 530K, committed 704K, reserved 1114112K
  class space    used 32K, committed 128K, reserved 1048576K
}
Event: 1.129 GC heap after
{Heap after GC invocations=3 (full 0):
 garbage-first heap   total 131072K, used 50453K [0x0000000700000000, 0x0000000800000000)
  region size 2048K, 2 young (4096K), 2 survivors (4096K)
 Metaspace       used 530K, committed 704K, reserved 1114112K
  class space    used 32K, committed 128K, reserved 1048576K
}
Event: 1.644 GC heap before
{Heap before GC invocations=3 (full 0):
 garbage-first heap   total 131072K, used 68885K [0x0000000700000000, 0x0000000800000000)
  region size 2048K, 11 young (22528K), 2 survivors (4096K)
 Metaspace       used 1820K, committed 1984K, reserved 1114112K
  class space    used 166K, committed 256K, reserved 1048576K
}
Event: 1.658 GC heap after
{Heap after GC invocations=4 (full 0):
 garbage-first heap   total 131072K, used 61087K [0x0000000700000000, 0x0000000800000000)
  region size 2048K, 2 young (4096K), 2 survivors (4096K)
 Metaspace       used 1820K, committed 1984K, reserved 1114112K
  class space    used 166K, committed 256K, reserved 1048576K
}
Event: 2.012 GC heap before
{Heap before GC invocations=4 (full 0):
 garbage-first heap   total 131072K, used 75423K [0x0000000700000000, 0x0000000800000000)
  region size 2048K, 9 young (18432K), 2 survivors (4096K)
 Metaspace       used 1820K, committed 1984K, reserved 1114112K
  class space    used 166K, committed 256K, reserved 1048576K
}
Event: 2.036 GC heap after
{Heap after GC invocations=5 (full 0):
 garbage-first heap   total 131072K, used 70286K [0x0000000700000000, 0x0000000800000000)
  region size 2048K, 2 young (4096K), 2 survivors (4096K)
 Metaspace       used 1820K, committed 1984K, reserved 1114112K
  class space    used 166K, committed 256K, reserved 1048576K
}
Event: 2.613 GC heap before
{Heap before GC invocations=5 (full 0):
 garbage-first heap   total 131072K, used 80526K [0x0000000700000000, 0x0000000800000000)
  region size 2048K, 9 young (18432K), 2 survivors (4096K)
 Metaspace       used 2558K, committed 2752K, reserved 1114112K
  class space    used 233K, committed 320K, reserved 1048576K
}
Event: 2.631 GC heap after
{Heap after GC invocations=6 (full 0):
 garbage-first heap   total 188416K, used 82479K [0x0000000700000000, 0x0000000800000000)
  region size 2048K, 2 young (4096K), 2 survivors (4096K)
 Metaspace       used 2558K, committed 2752K, reserved 1114112K
  class space    used 233K, committed 320K, reserved 1048576K
}
Event: 2.743 GC heap before
{Heap before GC invocations=6 (full 0):
 garbage-first heap   total 188416K, used 90671K [0x0000000700000000, 0x0000000800000000)
  region size 2048K, 5 young (10240K), 2 survivors (4096K)
 Metaspace       used 2563K, committed 2752K, reserved 1114112K
  class space    used 235K, committed 320K, reserved 1048576K
}
Event: 2.751 GC heap after
{Heap after GC invocations=7 (full 0):
 garbage-first heap   total 188416K, used 86016K [0x0000000700000000, 0x0000000800000000)
  region size 2048K, 2 young (4096K), 2 survivors (4096K)
 Metaspace       used 2563K, committed 2752K, reserved 1114112K
  class space    used 235K, committed 320K, reserved 1048576K
}
Event: 3.380 GC heap before
{Heap before GC invocations=7 (full 0):
 garbage-first heap   total 188416K, used 126976K [0x0000000700000000, 0x0000000800000000)
  region size 2048K, 19 young (38912K), 2 survivors (4096K)
 Metaspace       used 2570K, committed 2752K, reserved 1114112K
  class space    used 235K, committed 320K, reserved 1048576K
}
Event: 3.409 GC heap after
{Heap after GC invocations=8 (full 0):
 garbage-first heap   total 188416K, used 111442K [0x0000000700000000, 0x0000000800000000)
  region size 2048K, 3 young (6144K), 3 survivors (6144K)
 Metaspace       used 2570K, committed 2752K, reserved 1114112K
  class space    used 235K, committed 320K, reserved 1048576K
}
Event: 3.450 GC heap before
{Heap before GC invocations=8 (full 0):
 garbage-first heap   total 188416K, used 115538K [0x0000000700000000, 0x0000000800000000)
  region size 2048K, 6 young (12288K), 3 survivors (6144K)
 Metaspace       used 2570K, committed 2752K, reserved 1114112K
  class space    used 235K, committed 320K, reserved 1048576K
}
Event: 3.462 GC heap after
{Heap after GC invocations=9 (full 0):
 garbage-first heap   total 188416K, used 116027K [0x0000000700000000, 0x0000000800000000)
  region size 2048K, 2 young (4096K), 2 survivors (4096K)
 Metaspace       used 2570K, committed 2752K, reserved 1114112K
  class space    used 235K, committed 320K, reserved 1048576K
}
Event: 3.830 GC heap before
{Heap before GC invocations=10 (full 0):
 garbage-first heap   total 192512K, used 134459K [0x0000000700000000, 0x0000000800000000)
  region size 2048K, 13 young (26624K), 2 survivors (4096K)
 Metaspace       used 2642K, committed 2816K, reserved 1114112K
  class space    used 244K, committed 320K, reserved 1048576K
}
Event: 3.842 GC heap after
{Heap after GC invocations=11 (full 0):
 garbage-first heap   total 192512K, used 114688K [0x0000000700000000, 0x0000000800000000)
  region size 2048K, 2 young (4096K), 2 survivors (4096K)
 Metaspace       used 2642K, committed 2816K, reserved 1114112K
  class space    used 244K, committed 320K, reserved 1048576K
}
Event: 4.297 GC heap before
{Heap before GC invocations=11 (full 0):
 garbage-first heap   total 192512K, used 139264K [0x0000000700000000, 0x0000000800000000)
  region size 2048K, 15 young (30720K), 2 survivors (4096K)
 Metaspace       used 2669K, committed 2880K, reserved 1114112K
  class space    used 244K, committed 320K, reserved 1048576K
}
Event: 4.318 GC heap after
{Heap after GC invocations=12 (full 0):
 garbage-first heap   total 290816K, used 114225K [0x0000000700000000, 0x0000000800000000)
  region size 2048K, 2 young (4096K), 2 survivors (4096K)
 Metaspace       used 2669K, committed 2880K, reserved 1114112K
  class space    used 244K, committed 320K, reserved 1048576K
}

